# JRE version: OpenJDK Runtime Environment (8.0_212-b04) (build 1.8.0_212-release-1586-b04)
# Java VM: OpenJDK 64-Bit Server VM (25.212-b04 mixed mode windows-amd64 compressed oops)
Heap:
 PSYoungGen      total 466432K, used 10572K [0x00000000e0000000, 0x00000000ffa00000, 0x0000000100000000)
  eden space 416256K, 0% used [0x00000000e0000000,0x00000000e0000000,0x00000000f9680000)
  from space 50176K, 21% used [0x00000000f9680000,0x00000000fa0d3278,0x00000000fc780000)
  to   space 47616K, 0% used [0x00000000fcb80000,0x00000000fcb80000,0x00000000ffa00000)
 ParOldGen       total 237056K, used 220688K [0x00000000a0000000, 0x00000000ae780000, 0x00000000e0000000)
  object space 237056K, 93% used [0x00000000a0000000,0x00000000ad784048,0x00000000ae780000)
 Metaspace       used 127113K, capacity 132298K, committed 132824K, reserved 1165312K
  class space    used 15849K, capacity 16915K, committed 17152K, reserved 1048576K
GC Heap History (10 events):
Event: 3342.698 GC heap after
Heap after GC invocations=46 (full 5):
 PSYoungGen      total 460800K, used 4032K [0x00000000e0000000, 0x00000000ffd00000, 0x0000000100000000)
  eden space 403968K, 0% used [0x00000000e0000000,0x00000000e0000000,0x00000000f8a80000)
  from space 56832K, 7% used [0x00000000f8a80000,0x00000000f8e70000,0x00000000fc200000)
  to   space 55808K, 0% used [0x00000000fc680000,0x00000000fc680000,0x00000000ffd00000)
 ParOldGen       total 237056K, used 188137K [0x00000000a0000000, 0x00000000ae780000, 0x00000000e0000000)
  object space 237056K, 79% used [0x00000000a0000000,0x00000000ab7ba7d0,0x00000000ae780000)
 Metaspace       used 127048K, capacity 132190K, committed 132696K, reserved 1165312K
  class space    used 15845K, capacity 16883K, committed 17024K, reserved 1048576K
}
Event: 3345.483 GC heap before
{Heap before GC invocations=47 (full 5):
 PSYoungGen      total 460800K, used 408000K [0x00000000e0000000, 0x00000000ffd00000, 0x0000000100000000)
  eden space 403968K, 100% used [0x00000000e0000000,0x00000000f8a80000,0x00000000f8a80000)
  from space 56832K, 7% used [0x00000000f8a80000,0x00000000f8e70000,0x00000000fc200000)
  to   space 55808K, 0% used [0x00000000fc680000,0x00000000fc680000,0x00000000ffd00000)
 ParOldGen       total 237056K, used 188137K [0x00000000a0000000, 0x00000000ae780000, 0x00000000e0000000)
  object space 237056K, 79% used [0x00000000a0000000,0x00000000ab7ba7d0,0x00000000ae780000)
 Metaspace       used 127091K, capacity 132290K, committed 132824K, reserved 1165312K
  class space    used 15848K, capacity 16915K, committed 17152K, reserved 1048576K
Event: 3345.515 GC heap after
Heap after GC invocations=47 (full 5):
 PSYoungGen      total 465920K, used 4256K [0x00000000e0000000, 0x00000000ffc00000, 0x0000000100000000)
  eden space 411136K, 0% used [0x00000000e0000000,0x00000000e0000000,0x00000000f9180000)
  from space 54784K, 7% used [0x00000000fc680000,0x00000000fcaa8000,0x00000000ffc00000)
  to   space 54272K, 0% used [0x00000000f9180000,0x00000000f9180000,0x00000000fc680000)
 ParOldGen       total 237056K, used 191089K [0x00000000a0000000, 0x00000000ae780000, 0x00000000e0000000)
  object space 237056K, 80% used [0x00000000a0000000,0x00000000aba9c7d0,0x00000000ae780000)
 Metaspace       used 127091K, capacity 132290K, committed 132824K, reserved 1165312K
  class space    used 15848K, capacity 16915K, committed 17152K, reserved 1048576K
}
Event: 3347.511 GC heap before
{Heap before GC invocations=48 (full 5):
 PSYoungGen      total 465920K, used 415392K [0x00000000e0000000, 0x00000000ffc00000, 0x0000000100000000)
  eden space 411136K, 100% used [0x00000000e0000000,0x00000000f9180000,0x00000000f9180000)
  from space 54784K, 7% used [0x00000000fc680000,0x00000000fcaa8000,0x00000000ffc00000)
  to   space 54272K, 0% used [0x00000000f9180000,0x00000000f9180000,0x00000000fc680000)
 ParOldGen       total 237056K, used 191089K [0x00000000a0000000, 0x00000000ae780000, 0x00000000e0000000)
  object space 237056K, 80% used [0x00000000a0000000,0x00000000aba9c7d0,0x00000000ae780000)
 Metaspace       used 127094K, capacity 132294K, committed 132824K, reserved 1165312K
  class space    used 15848K, capacity 16915K, committed 17152K, reserved 1048576K
Event: 3347.540 GC heap after
Heap after GC invocations=48 (full 5):
 PSYoungGen      total 465408K, used 9882K [0x00000000e0000000, 0x00000000ff980000, 0x0000000100000000)
  eden space 411136K, 0% used [0x00000000e0000000,0x00000000e0000000,0x00000000f9180000)
  from space 54272K, 18% used [0x00000000f9180000,0x00000000f9b26930,0x00000000fc680000)
  to   space 51200K, 0% used [0x00000000fc780000,0x00000000fc780000,0x00000000ff980000)
 ParOldGen       total 237056K, used 195099K [0x00000000a0000000, 0x00000000ae780000, 0x00000000e0000000)
  object space 237056K, 82% used [0x00000000a0000000,0x00000000abe86ca8,0x00000000ae780000)
 Metaspace       used 127094K, capacity 132294K, committed 132824K, reserved 1165312K
  class space    used 15848K, capacity 16915K, committed 17152K, reserved 1048576K
}
Event: 3349.296 GC heap before
{Heap before GC invocations=49 (full 5):
 PSYoungGen      total 465408K, used 421018K [0x00000000e0000000, 0x00000000ff980000, 0x0000000100000000)
  eden space 411136K, 100% used [0x00000000e0000000,0x00000000f9180000,0x00000000f9180000)
  from space 54272K, 18% used [0x00000000f9180000,0x00000000f9b26930,0x00000000fc680000)
  to   space 51200K, 0% used [0x00000000fc780000,0x00000000fc780000,0x00000000ff980000)
 ParOldGen       total 237056K, used 195099K [0x00000000a0000000, 0x00000000ae780000, 0x00000000e0000000)
  object space 237056K, 82% used [0x00000000a0000000,0x00000000abe86ca8,0x00000000ae780000)
 Metaspace       used 127101K, capacity 132294K, committed 132824K, reserved 1165312K
  class space    used 15849K, capacity 16915K, committed 17152K, reserved 1048576K
Event: 3349.359 GC heap after
Heap after GC invocations=49 (full 5):
 PSYoungGen      total 467456K, used 21935K [0x00000000e0000000, 0x00000000ffb00000, 0x0000000100000000)
  eden space 416256K, 0% used [0x00000000e0000000,0x00000000e0000000,0x00000000f9680000)
  from space 51200K, 42% used [0x00000000fc780000,0x00000000fdcebc98,0x00000000ff980000)
  to   space 50176K, 0% used [0x00000000f9680000,0x00000000f9680000,0x00000000fc780000)
 ParOldGen       total 237056K, used 201808K [0x00000000a0000000, 0x00000000ae780000, 0x00000000e0000000)
  object space 237056K, 85% used [0x00000000a0000000,0x00000000ac5141b0,0x00000000ae780000)
 Metaspace       used 127101K, capacity 132294K, committed 132824K, reserved 1165312K
  class space    used 15849K, capacity 16915K, committed 17152K, reserved 1048576K
}
Event: 3351.101 GC heap before
{Heap before GC invocations=50 (full 5):
 PSYoungGen      total 467456K, used 438191K [0x00000000e0000000, 0x00000000ffb00000, 0x0000000100000000)
  eden space 416256K, 100% used [0x00000000e0000000,0x00000000f9680000,0x00000000f9680000)
  from space 51200K, 42% used [0x00000000fc780000,0x00000000fdcebc98,0x00000000ff980000)
  to   space 50176K, 0% used [0x00000000f9680000,0x00000000f9680000,0x00000000fc780000)
 ParOldGen       total 237056K, used 201808K [0x00000000a0000000, 0x00000000ae780000, 0x00000000e0000000)
  object space 237056K, 85% used [0x00000000a0000000,0x00000000ac5141b0,0x00000000ae780000)
 Metaspace       used 127113K, capacity 132298K, committed 132824K, reserved 1165312K
  class space    used 15849K, capacity 16915K, committed 17152K, reserved 1048576K
Event: 3351.182 GC heap after
Heap after GC invocations=50 (full 5):
 PSYoungGen      total 466432K, used 10572K [0x00000000e0000000, 0x00000000ffa00000, 0x0000000100000000)
  eden space 416256K, 0% used [0x00000000e0000000,0x00000000e0000000,0x00000000f9680000)
  from space 50176K, 21% used [0x00000000f9680000,0x00000000fa0d3278,0x00000000fc780000)
  to   space 47616K, 0% used [0x00000000fcb80000,0x00000000fcb80000,0x00000000ffa00000)
 ParOldGen       total 237056K, used 220688K [0x00000000a0000000, 0x00000000ae780000, 0x00000000e0000000)
  object space 237056K, 93% used [0x00000000a0000000,0x00000000ad784048,0x00000000ae780000)
 Metaspace       used 127113K, capacity 132298K, committed 132824K, reserved 1165312K
  class space    used 15849K, capacity 16915K, committed 17152K, reserved 1048576K
}
Event: 3351.182 GC heap before
{Heap before GC invocations=51 (full 6):
 PSYoungGen      total 466432K, used 10572K [0x00000000e0000000, 0x00000000ffa00000, 0x0000000100000000)
  eden space 416256K, 0% used [0x00000000e0000000,0x00000000e0000000,0x00000000f9680000)
  from space 50176K, 21% used [0x00000000f9680000,0x00000000fa0d3278,0x00000000fc780000)
  to   space 47616K, 0% used [0x00000000fcb80000,0x00000000fcb80000,0x00000000ffa00000)
 ParOldGen       total 237056K, used 220688K [0x00000000a0000000, 0x00000000ae780000, 0x00000000e0000000)
  object space 237056K, 93% used [0x00000000a0000000,0x00000000ad784048,0x00000000ae780000)
 Metaspace       used 127113K, capacity 132298K, committed 132824K, reserved 1165312K
  class space    used 15849K, capacity 16915K, committed 17152K, reserved 1048576K

