# JRE version: OpenJDK Runtime Environment (8.0_212-b04) (build 1.8.0_212-release-1586-b04)
# Java VM: OpenJDK 64-Bit Server VM (25.212-b04 mixed mode windows-amd64 compressed oops)
Heap:
 PSYoungGen      total 399872K, used 106493K [0x00000000e0000000, 0x0000000100000000, 0x0000000100000000)
  eden space 293376K, 0% used [0x00000000e0000000,0x00000000e0000000,0x00000000f1e80000)
  from space 106496K, 99% used [0x00000000f1e80000,0x00000000f867f588,0x00000000f8680000)
  to   space 124416K, 0% used [0x00000000f8680000,0x00000000f8680000,0x0000000100000000)
 ParOldGen       total 211968K, used 207027K [0x00000000a0000000, 0x00000000acf00000, 0x00000000e0000000)
  object space 211968K, 97% used [0x00000000a0000000,0x00000000aca2cf80,0x00000000acf00000)
 Metaspace       used 107617K, capacity 113238K, committed 113408K, reserved 1148928K
  class space    used 13550K, capacity 14724K, committed 14848K, reserved 1048576K
GC Heap History (10 events):
Event: 2384.365 GC heap after
Heap after GC invocations=42 (full 5):
 PSYoungGen      total 395264K, used 89894K [0x00000000e0000000, 0x0000000100000000, 0x0000000100000000)
  eden space 305152K, 0% used [0x00000000e0000000,0x00000000e0000000,0x00000000f2a00000)
  from space 90112K, 99% used [0x00000000f2a00000,0x00000000f81c9b28,0x00000000f8200000)
  to   space 120832K, 0% used [0x00000000f8a00000,0x00000000f8a00000,0x0000000100000000)
 ParOldGen       total 211968K, used 168892K [0x00000000a0000000, 0x00000000acf00000, 0x00000000e0000000)
  object space 211968K, 79% used [0x00000000a0000000,0x00000000aa4ef180,0x00000000acf00000)
 Metaspace       used 106598K, capacity 112058K, committed 112128K, reserved 1146880K
  class space    used 13451K, capacity 14590K, committed 14592K, reserved 1048576K
}
Event: 2386.971 GC heap before
{Heap before GC invocations=43 (full 5):
 PSYoungGen      total 395264K, used 391732K [0x00000000e0000000, 0x0000000100000000, 0x0000000100000000)
  eden space 305152K, 98% used [0x00000000e0000000,0x00000000f26c3590,0x00000000f2a00000)
  from space 90112K, 99% used [0x00000000f2a00000,0x00000000f81c9b28,0x00000000f8200000)
  to   space 120832K, 0% used [0x00000000f8a00000,0x00000000f8a00000,0x0000000100000000)
 ParOldGen       total 211968K, used 168892K [0x00000000a0000000, 0x00000000acf00000, 0x00000000e0000000)
  object space 211968K, 79% used [0x00000000a0000000,0x00000000aa4ef180,0x00000000acf00000)
 Metaspace       used 106610K, capacity 112064K, committed 112128K, reserved 1146880K
  class space    used 13452K, capacity 14591K, committed 14592K, reserved 1048576K
Event: 2387.020 GC heap after
Heap after GC invocations=43 (full 5):
 PSYoungGen      total 408064K, used 25134K [0x00000000e0000000, 0x0000000100000000, 0x0000000100000000)
  eden space 287232K, 0% used [0x00000000e0000000,0x00000000e0000000,0x00000000f1880000)
  from space 120832K, 20% used [0x00000000f8a00000,0x00000000fa28bac0,0x0000000100000000)
  to   space 116224K, 0% used [0x00000000f1880000,0x00000000f1880000,0x00000000f8a00000)
 ParOldGen       total 211968K, used 168892K [0x00000000a0000000, 0x00000000acf00000, 0x00000000e0000000)
  object space 211968K, 79% used [0x00000000a0000000,0x00000000aa4ef180,0x00000000acf00000)
 Metaspace       used 106610K, capacity 112064K, committed 112128K, reserved 1146880K
  class space    used 13452K, capacity 14591K, committed 14592K, reserved 1048576K
}
Event: 2508.660 GC heap before
{Heap before GC invocations=44 (full 5):
 PSYoungGen      total 408064K, used 312366K [0x00000000e0000000, 0x0000000100000000, 0x0000000100000000)
  eden space 287232K, 100% used [0x00000000e0000000,0x00000000f1880000,0x00000000f1880000)
  from space 120832K, 20% used [0x00000000f8a00000,0x00000000fa28bac0,0x0000000100000000)
  to   space 116224K, 0% used [0x00000000f1880000,0x00000000f1880000,0x00000000f8a00000)
 ParOldGen       total 211968K, used 168892K [0x00000000a0000000, 0x00000000acf00000, 0x00000000e0000000)
  object space 211968K, 79% used [0x00000000a0000000,0x00000000aa4ef180,0x00000000acf00000)
 Metaspace       used 106770K, capacity 112340K, committed 112512K, reserved 1146880K
  class space    used 13467K, capacity 14617K, committed 14720K, reserved 1048576K
Event: 2508.771 GC heap after
Heap after GC invocations=44 (full 5):
 PSYoungGen      total 340480K, used 52936K [0x00000000e0000000, 0x00000000ff480000, 0x0000000100000000)
  eden space 287232K, 0% used [0x00000000e0000000,0x00000000e0000000,0x00000000f1880000)
  from space 53248K, 99% used [0x00000000f1880000,0x00000000f4c32280,0x00000000f4c80000)
  to   space 112640K, 0% used [0x00000000f8680000,0x00000000f8680000,0x00000000ff480000)
 ParOldGen       total 211968K, used 170025K [0x00000000a0000000, 0x00000000acf00000, 0x00000000e0000000)
  object space 211968K, 80% used [0x00000000a0000000,0x00000000aa60a6a8,0x00000000acf00000)
 Metaspace       used 106770K, capacity 112340K, committed 112512K, reserved 1146880K
  class space    used 13467K, capacity 14617K, committed 14720K, reserved 1048576K
}
Event: 2514.804 GC heap before
{Heap before GC invocations=45 (full 5):
 PSYoungGen      total 340480K, used 340168K [0x00000000e0000000, 0x00000000ff480000, 0x0000000100000000)
  eden space 287232K, 100% used [0x00000000e0000000,0x00000000f1880000,0x00000000f1880000)
  from space 53248K, 99% used [0x00000000f1880000,0x00000000f4c32280,0x00000000f4c80000)
  to   space 112640K, 0% used [0x00000000f8680000,0x00000000f8680000,0x00000000ff480000)
 ParOldGen       total 211968K, used 170025K [0x00000000a0000000, 0x00000000acf00000, 0x00000000e0000000)
  object space 211968K, 80% used [0x00000000a0000000,0x00000000aa60a6a8,0x00000000acf00000)
 Metaspace       used 106961K, capacity 112528K, committed 112768K, reserved 1146880K
  class space    used 13483K, capacity 14659K, committed 14720K, reserved 1048576K
Event: 2514.871 GC heap after
Heap after GC invocations=45 (full 5):
 PSYoungGen      total 406016K, used 43769K [0x00000000e0000000, 0x0000000100000000, 0x0000000100000000)
  eden space 293376K, 0% used [0x00000000e0000000,0x00000000e0000000,0x00000000f1e80000)
  from space 112640K, 38% used [0x00000000f8680000,0x00000000fb13e798,0x00000000ff480000)
  to   space 106496K, 0% used [0x00000000f1e80000,0x00000000f1e80000,0x00000000f8680000)
 ParOldGen       total 211968K, used 170033K [0x00000000a0000000, 0x00000000acf00000, 0x00000000e0000000)
  object space 211968K, 80% used [0x00000000a0000000,0x00000000aa60c6a8,0x00000000acf00000)
 Metaspace       used 106961K, capacity 112528K, committed 112768K, reserved 1146880K
  class space    used 13483K, capacity 14659K, committed 14720K, reserved 1048576K
}
Event: 2516.670 GC heap before
{Heap before GC invocations=46 (full 5):
 PSYoungGen      total 406016K, used 337145K [0x00000000e0000000, 0x0000000100000000, 0x0000000100000000)
  eden space 293376K, 100% used [0x00000000e0000000,0x00000000f1e80000,0x00000000f1e80000)
  from space 112640K, 38% used [0x00000000f8680000,0x00000000fb13e798,0x00000000ff480000)
  to   space 106496K, 0% used [0x00000000f1e80000,0x00000000f1e80000,0x00000000f8680000)
 ParOldGen       total 211968K, used 170033K [0x00000000a0000000, 0x00000000acf00000, 0x00000000e0000000)
  object space 211968K, 80% used [0x00000000a0000000,0x00000000aa60c6a8,0x00000000acf00000)
 Metaspace       used 107617K, capacity 113238K, committed 113408K, reserved 1148928K
  class space    used 13550K, capacity 14724K, committed 14848K, reserved 1048576K
Event: 2516.946 GC heap after
Heap after GC invocations=46 (full 5):
 PSYoungGen      total 399872K, used 106493K [0x00000000e0000000, 0x0000000100000000, 0x0000000100000000)
  eden space 293376K, 0% used [0x00000000e0000000,0x00000000e0000000,0x00000000f1e80000)
  from space 106496K, 99% used [0x00000000f1e80000,0x00000000f867f588,0x00000000f8680000)
  to   space 124416K, 0% used [0x00000000f8680000,0x00000000f8680000,0x0000000100000000)
 ParOldGen       total 211968K, used 207027K [0x00000000a0000000, 0x00000000acf00000, 0x00000000e0000000)
  object space 211968K, 97% used [0x00000000a0000000,0x00000000aca2cf80,0x00000000acf00000)
 Metaspace       used 107617K, capacity 113238K, committed 113408K, reserved 1148928K
  class space    used 13550K, capacity 14724K, committed 14848K, reserved 1048576K
}
Event: 2516.946 GC heap before
{Heap before GC invocations=47 (full 6):
 PSYoungGen      total 399872K, used 106493K [0x00000000e0000000, 0x0000000100000000, 0x0000000100000000)
  eden space 293376K, 0% used [0x00000000e0000000,0x00000000e0000000,0x00000000f1e80000)
  from space 106496K, 99% used [0x00000000f1e80000,0x00000000f867f588,0x00000000f8680000)
  to   space 124416K, 0% used [0x00000000f8680000,0x00000000f8680000,0x0000000100000000)
 ParOldGen       total 211968K, used 207027K [0x00000000a0000000, 0x00000000acf00000, 0x00000000e0000000)
  object space 211968K, 97% used [0x00000000a0000000,0x00000000aca2cf80,0x00000000acf00000)
 Metaspace       used 107617K, capacity 113238K, committed 113408K, reserved 1148928K
  class space    used 13550K, capacity 14724K, committed 14848K, reserved 1048576K

